<?xml version="1.0" encoding="UTF-8"?>
<robot generator="Robot 6.1.1 (Python 3.12.2 on win32)" generated="20250703 16:17:16.862" rpa="false" schemaversion="4">
<suite id="s1" name="Desbloquearcard" source="C:\Users\u675793\OneDrive - M I Montreal Informática SA\Área de Trabalho\AutomaçãoRobot\Jangada\suite\Desbloquearcard.robot">
<test id="s1-t1" name="Preencher Formulario" line="12">
<kw name="Open Browser" library="SeleniumLibrary">
<arg>${URL}</arg>
<arg>chrome</arg>
<doc>Opens a new browser instance to the optional ``url``.</doc>
<msg timestamp="20250703 16:17:17.258" level="INFO">Opening browser 'chrome' to base url 'https://jangada.brb.com.br/login.jsp'.</msg>
<msg timestamp="20250703 16:17:17.489" level="WARN">Exception managing chrome: error sending request for url (https://googlechromelabs.github.io/chrome-for-testing/known-good-versions-with-downloads.json)</msg>
<status status="PASS" starttime="20250703 16:17:17.257" endtime="20250703 16:17:19.338"/>
</kw>
<kw name="Maximize Browser Window" library="SeleniumLibrary">
<doc>Maximizes current browser window.</doc>
<status status="PASS" starttime="20250703 16:17:19.338" endtime="20250703 16:17:19.386"/>
</kw>
<kw name="Sleep" library="BuiltIn">
<arg>1s</arg>
<doc>Pauses the test executed for the given time.</doc>
<msg timestamp="20250703 16:17:20.386" level="INFO">Slept 1 second</msg>
<status status="PASS" starttime="20250703 16:17:19.386" endtime="20250703 16:17:20.386"/>
</kw>
<kw name="Input Text" library="SeleniumLibrary">
<arg>xpath=//*[@id="u675793"]</arg>
<arg>${USERNAME}</arg>
<doc>Types the given ``text`` into the text field identified by ``locator``.</doc>
<msg timestamp="20250703 16:17:20.387" level="INFO">Typing text '' into text field 'xpath=//*[@id="u675793"]'.</msg>
<msg timestamp="20250703 16:17:20.557" level="INFO" html="true">&lt;/td&gt;&lt;/tr&gt;&lt;tr&gt;&lt;td colspan="3"&gt;&lt;a href="selenium-screenshot-12.png"&gt;&lt;img src="selenium-screenshot-12.png" width="800px"&gt;&lt;/a&gt;</msg>
<msg timestamp="20250703 16:17:20.557" level="FAIL">Element with locator 'xpath=//*[@id="u675793"]' not found.</msg>
<status status="FAIL" starttime="20250703 16:17:20.386" endtime="20250703 16:17:20.560"/>
</kw>
<kw name="Input Text" library="SeleniumLibrary">
<arg>xpath=//*[@id="garra77!8B763ED"]</arg>
<arg>${PASSWORD}</arg>
<doc>Types the given ``text`` into the text field identified by ``locator``.</doc>
<status status="NOT RUN" starttime="20250703 16:17:20.561" endtime="20250703 16:17:20.561"/>
</kw>
<kw name="Click Button" library="SeleniumLibrary">
<arg>xpath=/html/body/div/div/div[2]/div/form/div[3]/div[2]/input</arg>
<doc>Clicks the button identified by ``locator``.</doc>
<status status="NOT RUN" starttime="20250703 16:17:20.561" endtime="20250703 16:17:20.561"/>
</kw>
<kw name="Click Button" library="SeleniumLibrary">
<arg>xpath=/html/body/div/div/div[2]/div/form/div[3]/div[2]/input</arg>
<doc>Clicks the button identified by ``locator``.</doc>
<status status="NOT RUN" starttime="20250703 16:17:20.561" endtime="20250703 16:17:20.561"/>
</kw>
<kw name="Click Link" library="SeleniumLibrary">
<arg>xpath=/html/body/div/aside[1]/section/ul/li[7]/a/span[1]</arg>
<doc>Clicks a link identified by ``locator``.</doc>
<status status="NOT RUN" starttime="20250703 16:17:20.561" endtime="20250703 16:17:20.561"/>
</kw>
<kw name="Input Text" library="SeleniumLibrary">
<arg>xpath=//*[@id="cartao"]</arg>
<arg>${CARTAO}</arg>
<doc>Types the given ``text`` into the text field identified by ``locator``.</doc>
<status status="NOT RUN" starttime="20250703 16:17:20.562" endtime="20250703 16:17:20.562"/>
</kw>
<kw name="Select From List By Value" library="SeleniumLibrary">
<arg>xpath=//*[@id="tipos"]</arg>
<arg>68</arg>
<doc>Selects options from selection list ``locator`` by ``values``.</doc>
<status status="NOT RUN" starttime="20250703 16:17:20.562" endtime="20250703 16:17:20.562"/>
</kw>
<kw name="Select From List By Value" library="SeleniumLibrary">
<arg>xpath=//*[@id="tipos"]</arg>
<arg>58</arg>
<doc>Selects options from selection list ``locator`` by ``values``.</doc>
<status status="NOT RUN" starttime="20250703 16:17:20.562" endtime="20250703 16:17:20.562"/>
</kw>
<kw name="Select From List By Value" library="SeleniumLibrary">
<arg>xpath=//*[@id="tpProduto"]</arg>
<arg>1</arg>
<doc>Selects options from selection list ``locator`` by ``values``.</doc>
<status status="NOT RUN" starttime="20250703 16:17:20.562" endtime="20250703 16:17:20.562"/>
</kw>
<kw name="Select From List By Value" library="SeleniumLibrary">
<arg>xpath=//*[@id="tpProduto"]</arg>
<arg>2</arg>
<doc>Selects options from selection list ``locator`` by ``values``.</doc>
<status status="NOT RUN" starttime="20250703 16:17:20.562" endtime="20250703 16:17:20.562"/>
</kw>
<kw name="Input Text" library="SeleniumLibrary">
<arg>xpath=//*[@id="conta"]</arg>
<arg>${NUMERO_CONTA}</arg>
<doc>Types the given ``text`` into the text field identified by ``locator``.</doc>
<status status="NOT RUN" starttime="20250703 16:17:20.562" endtime="20250703 16:17:20.562"/>
</kw>
<kw name="Click Element" library="SeleniumLibrary">
<arg>xpath=//*[@id="form1"]/div[1]/div[5]/div/input[1]</arg>
<doc>Click the element identified by ``locator``.</doc>
<status status="NOT RUN" starttime="20250703 16:17:20.562" endtime="20250703 16:17:20.563"/>
</kw>
<kw name="Select From List By Value" library="SeleniumLibrary">
<arg>xpath=//*[@id="situacao"]</arg>
<arg>165</arg>
<doc>Selects options from selection list ``locator`` by ``values``.</doc>
<status status="NOT RUN" starttime="20250703 16:17:20.563" endtime="20250703 16:17:20.563"/>
</kw>
<kw name="Close Browser" library="SeleniumLibrary">
<doc>Closes the current browser.</doc>
<status status="NOT RUN" starttime="20250703 16:17:20.563" endtime="20250703 16:17:20.563"/>
</kw>
<status status="FAIL" starttime="20250703 16:17:17.257" endtime="20250703 16:17:20.563">Element with locator 'xpath=//*[@id="u675793"]' not found.</status>
</test>
<status status="FAIL" starttime="20250703 16:17:16.865" endtime="20250703 16:17:20.564"/>
</suite>
<statistics>
<total>
<stat pass="0" fail="1" skip="0">All Tests</stat>
</total>
<tag>
</tag>
<suite>
<stat pass="0" fail="1" skip="0" id="s1" name="Desbloquearcard">Desbloquearcard</stat>
</suite>
</statistics>
<errors>
<msg timestamp="20250703 16:17:17.489" level="WARN">Exception managing chrome: error sending request for url (https://googlechromelabs.github.io/chrome-for-testing/known-good-versions-with-downloads.json)</msg>
</errors>
</robot>
