<?xml version="1.0" encoding="UTF-8"?>
<robot generator="Robot 7.3.2 (Python 3.12.2 on win32)" generated="2025-07-09T11:57:34.984836" rpa="false" schemaversion="5">
<suite id="s1" name="Autenticacao" source="C:\xampp\htdocs\robot-web\tests\autenticacao.robot">
<test id="s1-t1" name="Configurar senha de Autenticação CC - Test Case 3" line="8">
<kw name="Log To Console" owner="BuiltIn">
<arg>Senha CC configurada</arg>
<doc>Logs the given message to the console.</doc>
<status status="PASS" start="2025-07-09T11:57:35.005029" elapsed="0.000000"/>
</kw>
<status status="PASS" start="2025-07-09T11:57:35.005029" elapsed="0.000000"/>
</test>
<status status="PASS" start="2025-07-09T11:57:34.986829" elapsed="0.019198"/>
</suite>
<statistics>
<total>
<stat pass="1" fail="0" skip="0">All Tests</stat>
</total>
<tag>
</tag>
<suite>
<stat name="Autenticacao" id="s1" pass="1" fail="0" skip="0">Autenticacao</stat>
</suite>
</statistics>
<errors>
</errors>
</robot>
